Start Transmission
ID: c37b31148177861976226066a0b4cd57
Start Time: Tue, 27 May 2014 15:03:27 -0400

Tue, 27 May 2014 15:03:27 -0400	[TRY] Attempting to connect ...
Tue, 27 May 2014 15:03:28 -0400	[FSOCKOPEN] 220 mx.google.com ESMTP z63sm23975472yhh.11 - gsmtp
Tue, 27 May 2014 15:03:28 -0400	[OPENED] Connection has been opened
Tue, 27 May 2014 15:03:28 -0400	[TRY] Attempting to login ...
Tue, 27 May 2014 15:03:28 -0400	[SEND HELLO MESSAGE] 250-mx.google.com at your service, [152.15.112.9]
250-SIZE 35882577
250-8BITMIME
250-STARTTLS
250-ENHANCEDSTATUSCODES
250-PIPELINING
250 CHUNKING
Tue, 27 May 2014 15:03:28 -0400	[STARTTLS] 220 2.0.0 Ready to start TLS
Tue, 27 May 2014 15:03:28 -0400	[SEND HELLO MESSAGE] 250-mx.google.com at your service, [152.15.112.9]
250-SIZE 35882577
250-8BITMIME
250-AUTH LOGIN PLAIN XOAUTH XOAUTH2 PLAIN-CLIENTTOKEN
250-ENHANCEDSTATUSCODES
250-PIPELINING
250 CHUNKING
Tue, 27 May 2014 15:03:28 -0400	[AUTH LOGIN] 334 VXNlcm5hbWU6
Tue, 27 May 2014 15:03:28 -0400	[AUTH USERNAME] 334 UGFzc3dvcmQ6
Tue, 27 May 2014 15:03:28 -0400	[AUTH PASSWORD] 235 2.7.0 Accepted
Tue, 27 May 2014 15:03:28 -0400	[SUCCESS] Login accepted
Tue, 27 May 2014 15:03:28 -0400	[TRY] Attempting to send message c37b31148177861976226066a0b4cd57 ...
Tue, 27 May 2014 15:03:28 -0400	[SET MAIL FROM: <SUPPORT.LIBRARY@UNCC.EDU>] 250 2.1.0 OK z63sm23975472yhh.11 - gsmtp
Tue, 27 May 2014 15:03:28 -0400	[FAILED] Recipient is not accepted
Tue, 27 May 2014 15:03:28 -0400	[MAIL STAT] Failed: Message c37b31148177861976226066a0b4cd57 is not sent
Tue, 27 May 2014 15:03:28 -0400	[RESET] 250 2.1.5 Flushed z63sm23975472yhh.11 - gsmtp
Tue, 27 May 2014 15:03:28 -0400	[QUIT] 221 2.0.0 closing connection z63sm23975472yhh.11 - gsmtp
Tue, 27 May 2014 15:03:28 -0400	[CLOSED] Connection has been closed

End Transmission
ID: c37b31148177861976226066a0b4cd57
Finish Time: Tue, 27 May 2014 15:03:28 -0400

--------------------------------------------------

Start Transmission
ID: 2f6f72bc496845d5b5290b324d22ad6a
Start Time: Tue, 27 May 2014 15:04:20 -0400

Tue, 27 May 2014 15:04:20 -0400	[TRY] Attempting to connect ...
Tue, 27 May 2014 15:04:20 -0400	[FSOCKOPEN] 220 mx.google.com ESMTP d43sm23978907yhb.10 - gsmtp
Tue, 27 May 2014 15:04:20 -0400	[OPENED] Connection has been opened
Tue, 27 May 2014 15:04:20 -0400	[TRY] Attempting to login ...
Tue, 27 May 2014 15:04:20 -0400	[SEND HELLO MESSAGE] 250-mx.google.com at your service, [152.15.112.9]
250-SIZE 35882577
250-8BITMIME
250-STARTTLS
250-ENHANCEDSTATUSCODES
250-PIPELINING
250 CHUNKING
Tue, 27 May 2014 15:04:20 -0400	[STARTTLS] 220 2.0.0 Ready to start TLS
Tue, 27 May 2014 15:04:20 -0400	[SEND HELLO MESSAGE] 250-mx.google.com at your service, [152.15.112.9]
250-SIZE 35882577
250-8BITMIME
250-AUTH LOGIN PLAIN XOAUTH XOAUTH2 PLAIN-CLIENTTOKEN
250-ENHANCEDSTATUSCODES
250-PIPELINING
250 CHUNKING
Tue, 27 May 2014 15:04:20 -0400	[AUTH LOGIN] 334 VXNlcm5hbWU6
Tue, 27 May 2014 15:04:20 -0400	[AUTH USERNAME] 334 UGFzc3dvcmQ6
Tue, 27 May 2014 15:04:20 -0400	[AUTH PASSWORD] 235 2.7.0 Accepted
Tue, 27 May 2014 15:04:20 -0400	[SUCCESS] Login accepted
Tue, 27 May 2014 15:04:20 -0400	[TRY] Attempting to send message 2f6f72bc496845d5b5290b324d22ad6a ...
Tue, 27 May 2014 15:04:20 -0400	[SET MAIL FROM: <SUPPORT.LIBRARY@UNCC.EDU>] 250 2.1.0 OK d43sm23978907yhb.10 - gsmtp
Tue, 27 May 2014 15:04:20 -0400	[FAILED] Recipient is not accepted
Tue, 27 May 2014 15:04:20 -0400	[MAIL STAT] Failed: Message 2f6f72bc496845d5b5290b324d22ad6a is not sent
Tue, 27 May 2014 15:04:20 -0400	[RESET] 250 2.1.5 Flushed d43sm23978907yhb.10 - gsmtp
Tue, 27 May 2014 15:04:20 -0400	[QUIT] 221 2.0.0 closing connection d43sm23978907yhb.10 - gsmtp
Tue, 27 May 2014 15:04:20 -0400	[CLOSED] Connection has been closed

End Transmission
ID: 2f6f72bc496845d5b5290b324d22ad6a
Finish Time: Tue, 27 May 2014 15:04:20 -0400

--------------------------------------------------

Start Transmission
ID: ebca3fd513b37596fd9994f039b66866
Start Time: Tue, 27 May 2014 15:06:38 -0400

Tue, 27 May 2014 15:06:38 -0400	[TRY] Attempting to connect ...
Tue, 27 May 2014 15:06:38 -0400	[FSOCKOPEN] 220 mx.google.com ESMTP j46sm23985026yhc.14 - gsmtp
Tue, 27 May 2014 15:06:38 -0400	[OPENED] Connection has been opened
Tue, 27 May 2014 15:06:38 -0400	[TRY] Attempting to login ...
Tue, 27 May 2014 15:06:38 -0400	[SEND HELLO MESSAGE] 250-mx.google.com at your service, [152.15.112.9]
250-SIZE 35882577
250-8BITMIME
250-STARTTLS
250-ENHANCEDSTATUSCODES
250-PIPELINING
250 CHUNKING
Tue, 27 May 2014 15:06:38 -0400	[STARTTLS] 220 2.0.0 Ready to start TLS
Tue, 27 May 2014 15:06:38 -0400	[SEND HELLO MESSAGE] 250-mx.google.com at your service, [152.15.112.9]
250-SIZE 35882577
250-8BITMIME
250-AUTH LOGIN PLAIN XOAUTH XOAUTH2 PLAIN-CLIENTTOKEN
250-ENHANCEDSTATUSCODES
250-PIPELINING
250 CHUNKING
Tue, 27 May 2014 15:06:38 -0400	[AUTH LOGIN] 334 VXNlcm5hbWU6
Tue, 27 May 2014 15:06:38 -0400	[AUTH USERNAME] 334 UGFzc3dvcmQ6
Tue, 27 May 2014 15:06:38 -0400	[AUTH PASSWORD] 235 2.7.0 Accepted
Tue, 27 May 2014 15:06:38 -0400	[SUCCESS] Login accepted
Tue, 27 May 2014 15:06:38 -0400	[TRY] Attempting to send message ebca3fd513b37596fd9994f039b66866 ...
Tue, 27 May 2014 15:06:38 -0400	[SET MAIL FROM: <SUPPORT.LIBRARY@UNCC.EDU>] 250 2.1.0 OK j46sm23985026yhc.14 - gsmtp
Tue, 27 May 2014 15:06:38 -0400	[FAILED] Recipient is not accepted
Tue, 27 May 2014 15:06:38 -0400	[MAIL STAT] Failed: Message ebca3fd513b37596fd9994f039b66866 is not sent
Tue, 27 May 2014 15:06:38 -0400	[RESET] 250 2.1.5 Flushed j46sm23985026yhc.14 - gsmtp
Tue, 27 May 2014 15:06:38 -0400	[QUIT] 221 2.0.0 closing connection j46sm23985026yhc.14 - gsmtp
Tue, 27 May 2014 15:06:38 -0400	[CLOSED] Connection has been closed

End Transmission
ID: ebca3fd513b37596fd9994f039b66866
Finish Time: Tue, 27 May 2014 15:06:38 -0400

--------------------------------------------------

Start Transmission
ID: 8f94e85ee6a9234976aade3baa7c0e58
Start Time: Tue, 27 May 2014 15:06:54 -0400

Tue, 27 May 2014 15:06:54 -0400	[TRY] Attempting to connect ...
Tue, 27 May 2014 15:06:54 -0400	[FSOCKOPEN] 220 mx.google.com ESMTP z22sm23972893yhm.30 - gsmtp
Tue, 27 May 2014 15:06:54 -0400	[OPENED] Connection has been opened
Tue, 27 May 2014 15:06:54 -0400	[TRY] Attempting to login ...
Tue, 27 May 2014 15:06:54 -0400	[SEND HELLO MESSAGE] 250-mx.google.com at your service, [152.15.112.9]
250-SIZE 35882577
250-8BITMIME
250-STARTTLS
250-ENHANCEDSTATUSCODES
250-PIPELINING
250 CHUNKING
Tue, 27 May 2014 15:06:54 -0400	[STARTTLS] 220 2.0.0 Ready to start TLS
Tue, 27 May 2014 15:06:54 -0400	[SEND HELLO MESSAGE] 250-mx.google.com at your service, [152.15.112.9]
250-SIZE 35882577
250-8BITMIME
250-AUTH LOGIN PLAIN XOAUTH XOAUTH2 PLAIN-CLIENTTOKEN
250-ENHANCEDSTATUSCODES
250-PIPELINING
250 CHUNKING
Tue, 27 May 2014 15:06:54 -0400	[AUTH LOGIN] 334 VXNlcm5hbWU6
Tue, 27 May 2014 15:06:54 -0400	[AUTH USERNAME] 334 UGFzc3dvcmQ6
Tue, 27 May 2014 15:06:54 -0400	[AUTH PASSWORD] 235 2.7.0 Accepted
Tue, 27 May 2014 15:06:54 -0400	[SUCCESS] Login accepted
Tue, 27 May 2014 15:06:54 -0400	[TRY] Attempting to send message 8f94e85ee6a9234976aade3baa7c0e58 ...
Tue, 27 May 2014 15:06:54 -0400	[SET MAIL FROM: <SUPPORT.LIBRARY@UNCC.EDU>] 250 2.1.0 OK z22sm23972893yhm.30 - gsmtp
Tue, 27 May 2014 15:06:54 -0400	[FAILED] Recipient is not accepted
Tue, 27 May 2014 15:06:54 -0400	[MAIL STAT] Failed: Message 8f94e85ee6a9234976aade3baa7c0e58 is not sent
Tue, 27 May 2014 15:06:54 -0400	[RESET] 250 2.1.5 Flushed z22sm23972893yhm.30 - gsmtp
Tue, 27 May 2014 15:06:54 -0400	[QUIT] 221 2.0.0 closing connection z22sm23972893yhm.30 - gsmtp
Tue, 27 May 2014 15:06:54 -0400	[CLOSED] Connection has been closed

End Transmission
ID: 8f94e85ee6a9234976aade3baa7c0e58
Finish Time: Tue, 27 May 2014 15:06:54 -0400

--------------------------------------------------

Start Transmission
ID: e45f2f52a79d3efe6ded863ce685d69f
Start Time: Tue, 27 May 2014 15:10:38 -0400

Tue, 27 May 2014 15:10:38 -0400	[TRY] Attempting to connect ...
Tue, 27 May 2014 15:10:38 -0400	[FSOCKOPEN] 220 mx.google.com ESMTP v60sm23978833yhc.40 - gsmtp
Tue, 27 May 2014 15:10:38 -0400	[OPENED] Connection has been opened
Tue, 27 May 2014 15:10:38 -0400	[TRY] Attempting to login ...
Tue, 27 May 2014 15:10:38 -0400	[SEND HELLO MESSAGE] 250-mx.google.com at your service, [152.15.112.9]
250-SIZE 35882577
250-8BITMIME
250-STARTTLS
250-ENHANCEDSTATUSCODES
250-PIPELINING
250 CHUNKING
Tue, 27 May 2014 15:10:38 -0400	[STARTTLS] 220 2.0.0 Ready to start TLS
Tue, 27 May 2014 15:10:38 -0400	[SEND HELLO MESSAGE] 250-mx.google.com at your service, [152.15.112.9]
250-SIZE 35882577
250-8BITMIME
250-AUTH LOGIN PLAIN XOAUTH XOAUTH2 PLAIN-CLIENTTOKEN
250-ENHANCEDSTATUSCODES
250-PIPELINING
250 CHUNKING
Tue, 27 May 2014 15:10:38 -0400	[AUTH LOGIN] 334 VXNlcm5hbWU6
Tue, 27 May 2014 15:10:38 -0400	[AUTH USERNAME] 334 UGFzc3dvcmQ6
Tue, 27 May 2014 15:10:38 -0400	[AUTH PASSWORD] 235 2.7.0 Accepted
Tue, 27 May 2014 15:10:38 -0400	[SUCCESS] Login accepted
Tue, 27 May 2014 15:10:38 -0400	[TRY] Attempting to send message e45f2f52a79d3efe6ded863ce685d69f ...
Tue, 27 May 2014 15:10:38 -0400	[SET MAIL FROM: <SUPPORT.LIBRARY@UNCC.EDU>] 250 2.1.0 OK v60sm23978833yhc.40 - gsmtp
Tue, 27 May 2014 15:10:38 -0400	[FAILED] Recipient is not accepted
Tue, 27 May 2014 15:10:38 -0400	[MAIL STAT] Failed: Message e45f2f52a79d3efe6ded863ce685d69f is not sent
Tue, 27 May 2014 15:10:38 -0400	[RESET] 250 2.1.5 Flushed v60sm23978833yhc.40 - gsmtp
Tue, 27 May 2014 15:10:38 -0400	[QUIT] 221 2.0.0 closing connection v60sm23978833yhc.40 - gsmtp
Tue, 27 May 2014 15:10:38 -0400	[CLOSED] Connection has been closed

End Transmission
ID: e45f2f52a79d3efe6ded863ce685d69f
Finish Time: Tue, 27 May 2014 15:10:38 -0400

--------------------------------------------------

Start Transmission
ID: ff7f96bd388a656637226ae8f152fafb
Start Time: Tue, 27 May 2014 15:13:00 -0400

Tue, 27 May 2014 15:13:00 -0400	[TRY] Attempting to connect ...
Tue, 27 May 2014 15:13:00 -0400	[FSOCKOPEN] 220 mx.google.com ESMTP u21sm23979752yhb.51 - gsmtp
Tue, 27 May 2014 15:13:00 -0400	[OPENED] Connection has been opened
Tue, 27 May 2014 15:13:00 -0400	[TRY] Attempting to login ...
Tue, 27 May 2014 15:13:00 -0400	[SEND HELLO MESSAGE] 250-mx.google.com at your service, [152.15.112.9]
250-SIZE 35882577
250-8BITMIME
250-STARTTLS
250-ENHANCEDSTATUSCODES
250-PIPELINING
250 CHUNKING
Tue, 27 May 2014 15:13:00 -0400	[STARTTLS] 220 2.0.0 Ready to start TLS
Tue, 27 May 2014 15:13:00 -0400	[SEND HELLO MESSAGE] 250-mx.google.com at your service, [152.15.112.9]
250-SIZE 35882577
250-8BITMIME
250-AUTH LOGIN PLAIN XOAUTH XOAUTH2 PLAIN-CLIENTTOKEN
250-ENHANCEDSTATUSCODES
250-PIPELINING
250 CHUNKING
Tue, 27 May 2014 15:13:00 -0400	[AUTH LOGIN] 334 VXNlcm5hbWU6
Tue, 27 May 2014 15:13:00 -0400	[AUTH USERNAME] 334 UGFzc3dvcmQ6
Tue, 27 May 2014 15:13:00 -0400	[AUTH PASSWORD] 235 2.7.0 Accepted
Tue, 27 May 2014 15:13:00 -0400	[SUCCESS] Login accepted
Tue, 27 May 2014 15:13:00 -0400	[TRY] Attempting to send message ff7f96bd388a656637226ae8f152fafb ...
Tue, 27 May 2014 15:13:00 -0400	[SET MAIL FROM: <SUPPORT.LIBRARY@UNCC.EDU>] 250 2.1.0 OK u21sm23979752yhb.51 - gsmtp
Tue, 27 May 2014 15:13:00 -0400	[SET RECIPIENT TO: <ATKINS245@GMAIL.COM>] 250 2.1.5 OK u21sm23979752yhb.51 - gsmtp
Tue, 27 May 2014 15:13:00 -0400	[DATA - GENERATE] Attempting to generate mail data ...
Tue, 27 May 2014 15:13:00 -0400	[DATA - GENERATE] Success: Mail data has been generated
Tue, 27 May 2014 15:13:01 -0400	[DATA - CHECK] 354  Go ahead u21sm23979752yhb.51 - gsmtp
Tue, 27 May 2014 15:13:01 -0400	[DATA - SEND] 250 2.0.0 OK 1401217981 u21sm23979752yhb.51 - gsmtp
Tue, 27 May 2014 15:13:01 -0400	[MAIL STAT] Success: Message ff7f96bd388a656637226ae8f152fafb has been sent
Tue, 27 May 2014 15:13:01 -0400	[QUIT] 221 2.0.0 closing connection u21sm23979752yhb.51 - gsmtp
Tue, 27 May 2014 15:13:01 -0400	[CLOSED] Connection has been closed

End Transmission
ID: ff7f96bd388a656637226ae8f152fafb
Finish Time: Tue, 27 May 2014 15:13:01 -0400

--------------------------------------------------

Start Transmission
ID: 5d9d76b5363eba0f6ea60773ce69f507
Start Time: Tue, 27 May 2014 15:33:49 -0400

Tue, 27 May 2014 15:33:49 -0400	[TRY] Attempting to connect ...
Tue, 27 May 2014 15:33:49 -0400	[FSOCKOPEN] 220 mx.google.com ESMTP t9sm24084445yhg.18 - gsmtp
Tue, 27 May 2014 15:33:49 -0400	[OPENED] Connection has been opened
Tue, 27 May 2014 15:33:49 -0400	[TRY] Attempting to login ...
Tue, 27 May 2014 15:33:49 -0400	[SEND HELLO MESSAGE] 250-mx.google.com at your service, [152.15.112.9]
250-SIZE 35882577
250-8BITMIME
250-STARTTLS
250-ENHANCEDSTATUSCODES
250-PIPELINING
250 CHUNKING
Tue, 27 May 2014 15:33:49 -0400	[STARTTLS] 220 2.0.0 Ready to start TLS
Tue, 27 May 2014 15:33:50 -0400	[SEND HELLO MESSAGE] 250-mx.google.com at your service, [152.15.112.9]
250-SIZE 35882577
250-8BITMIME
250-AUTH LOGIN PLAIN XOAUTH XOAUTH2 PLAIN-CLIENTTOKEN
250-ENHANCEDSTATUSCODES
250-PIPELINING
250 CHUNKING
Tue, 27 May 2014 15:33:50 -0400	[AUTH LOGIN] 334 VXNlcm5hbWU6
Tue, 27 May 2014 15:33:50 -0400	[AUTH USERNAME] 334 UGFzc3dvcmQ6
Tue, 27 May 2014 15:33:50 -0400	[AUTH PASSWORD] 235 2.7.0 Accepted
Tue, 27 May 2014 15:33:50 -0400	[SUCCESS] Login accepted
Tue, 27 May 2014 15:33:50 -0400	[TRY] Attempting to send message 5d9d76b5363eba0f6ea60773ce69f507 ...
Tue, 27 May 2014 15:33:50 -0400	[SET MAIL FROM: <SUPPORT.LIBRARY@UNCC.EDU>] 250 2.1.0 OK t9sm24084445yhg.18 - gsmtp
Tue, 27 May 2014 15:33:50 -0400	[SET RECIPIENT TO: <ATKINS245@GMAIL.COM>] 250 2.1.5 OK t9sm24084445yhg.18 - gsmtp
Tue, 27 May 2014 15:33:50 -0400	[DATA - GENERATE] Attempting to generate mail data ...
Tue, 27 May 2014 15:33:50 -0400	[DATA - GENERATE] Success: Mail data has been generated
Tue, 27 May 2014 15:33:50 -0400	[DATA - CHECK] 354  Go ahead t9sm24084445yhg.18 - gsmtp
Tue, 27 May 2014 15:33:50 -0400	[DATA - SEND] 250 2.0.0 OK 1401219230 t9sm24084445yhg.18 - gsmtp
Tue, 27 May 2014 15:33:50 -0400	[MAIL STAT] Success: Message 5d9d76b5363eba0f6ea60773ce69f507 has been sent
Tue, 27 May 2014 15:33:50 -0400	[QUIT] 221 2.0.0 closing connection t9sm24084445yhg.18 - gsmtp
Tue, 27 May 2014 15:33:50 -0400	[CLOSED] Connection has been closed

End Transmission
ID: 5d9d76b5363eba0f6ea60773ce69f507
Finish Time: Tue, 27 May 2014 15:33:50 -0400

--------------------------------------------------

